================================================================================
                                     SUMMARY
================================================================================


Errors:         0
Updated m#tags: 2
Steps:          2
Rules:          2
Properties:     4




================================================================================
    Updated m#tags
================================================================================


    * c
           = 3
        (new tag)
    * d
           = D
        (new tag)


================================================================================
    Execution Trace (2 Steps) 
================================================================================


  0
--------------------------------
{{<XW>."c = a + b"}} : Called with:  {{a}} = 1, {{b}} = 2
{{<XW>."c = a + b"}} : Wrote new value to {{c}} (= 3)

  1
--------------------------------
{{<nP>."write d"}} : Called with no arguments.
{{<nP>."write d"}} : Wrote new value to {{d}} (= D)



================================================================================
    Rule Evaluations
================================================================================


<nP>."write d"
--------------
{{1}} : Called with no arguments.
{{1}} : Wrote new value to {{d}} (= D)

<XW>."c = a + b"
----------------
{{0}} : Called with:  {{a}} = 1, {{b}} = 2
{{0}} : Wrote new value to {{c}} (= 3)



================================================================================
    Properties
================================================================================


a
----------------

No rules write this property (or it is written by .* match)

Rules that read this property:
    * {{<XW>."c = a + b"}}

Execution Log:

{{0}} : Read by {{<XW>."c = a + b"}} (= 1)



b
----------------

No rules write this property (or it is written by .* match)

Rules that read this property:
    * {{<XW>."c = a + b"}}

Execution Log:

{{0}} : Read by {{<XW>."c = a + b"}} (= 2)



c
----------------

Rules that write this property:
    * {{<XW>."c = a + b"}}

Rules that read this property:

Execution Log:

{{0}} : New value written by {{<XW>."c = a + b"}} (= 3)



d
----------------

Rules that write this property:
    * {{<nP>."write d"}}

Rules that read this property:

Execution Log:

{{1}} : New value written by {{<nP>."write d"}} (= D)



================================================================================
   Profiling
================================================================================


               1 100.00%  total
               1 100.00%  <XW>."c = a + b"
               0 0.00%    <nP>."write d"

================================================================================
    Rule Definitions
================================================================================


<XW>."c = a + b"
----------------
File:  #rules.tcl
In:    a b
Out:   c
If:    
Exec:  
Code:  {
 set c [expr {$a + $b}] 
}

<nP>."write d"
--------------
File:  #rules.tcl
In:    
Out:   d
If:    
Exec:  
Code:  {
 set d "D" 
}

